Determining if the pthread_create exist failed with the following output:
Change Dir: /home/kau/prog/cpp/Roma/build/CMakeFiles/CMakeTmp

Run Build Command:"/home/kau/prog/cpp/depot_tools/ninja" "cmTC_bc895"
[1/2] Building C object CMakeFiles/cmTC_bc895.dir/CheckSymbolExists.c.o
[2/2] Linking C executable cmTC_bc895
FAILED: cmTC_bc895 
: && /usr/bin/cc   -rdynamic CMakeFiles/cmTC_bc895.dir/CheckSymbolExists.c.o  -o cmTC_bc895   && :
CMakeFiles/cmTC_bc895.dir/CheckSymbolExists.c.o: In function `main':
CheckSymbolExists.c:(.text+0x1b): undefined reference to `pthread_create'
collect2: error: ld returned 1 exit status
ninja: build stopped: subcommand failed.

File /home/kau/prog/cpp/Roma/build/CMakeFiles/CMakeTmp/CheckSymbolExists.c:
/* */
#include <pthread.h>

int main(int argc, char** argv)
{
  (void)argv;
#ifndef pthread_create
  return ((int*)(&pthread_create))[argc];
#else
  (void)argc;
  return 0;
#endif
}

Determining if the function pthread_create exists in the pthreads failed with the following output:
Change Dir: /home/kau/prog/cpp/Roma/build/CMakeFiles/CMakeTmp

Run Build Command:"/home/kau/prog/cpp/depot_tools/ninja" "cmTC_d58b7"
[1/2] Building C object CMakeFiles/cmTC_d58b7.dir/CheckFunctionExists.c.o
[2/2] Linking C executable cmTC_d58b7
FAILED: cmTC_d58b7 
: && /usr/bin/cc -DCHECK_FUNCTION_EXISTS=pthread_create  -rdynamic CMakeFiles/cmTC_d58b7.dir/CheckFunctionExists.c.o  -o cmTC_d58b7  -lpthreads && :
/usr/bin/ld: cannot find -lpthreads
collect2: error: ld returned 1 exit status
ninja: build stopped: subcommand failed.


